<?xml version="1.0" encoding="UTF-8"?>
<testng-results ignored="0" total="1" passed="1" failed="0" skipped="0">
  <reporter-output>
  </reporter-output>
  <suite started-at="2022-10-07T16:01:12 EDT" name="Default suite" finished-at="2022-10-07T16:01:25 EDT" duration-ms="13392">
    <groups>
    </groups>
    <test started-at="2022-10-07T16:01:12 EDT" name="Default test" finished-at="2022-10-07T16:01:25 EDT" duration-ms="13392">
      <class name="Testcases.TestWebElement">
        <test-method signature="doLogin()[pri:0, instance:Testcases.TestWebElement@1b11171f]" started-at="2022-10-07T16:01:12 EDT" name="doLogin" finished-at="2022-10-07T16:01:25 EDT" duration-ms="13341" status="PASS">
          <reporter-output>
          </reporter-output>
        </test-method> <!-- doLogin -->
      </class> <!-- Testcases.TestWebElement -->
    </test> <!-- Default test -->
  </suite> <!-- Default suite -->
</testng-results>
